2023-03-03 22:10:23 [main] INFO  o.s.t.c.s.AnnotationConfigContextLoaderUtils - Could not detect default configuration classes for test class [xyz.gouril.microservices.demo.twitter.to.kafka.service.TwitterToKafkaServiceApplicationTests]: TwitterToKafkaServiceApplicationTests does not declare any static, non-private, non-final, nested classes annotated with @Configuration.
2023-03-03 22:10:23 [main] INFO  o.s.b.t.c.SpringBootTestContextBootstrapper - Found @SpringBootConfiguration xyz.gouril.microservices.demo.twitter.to.kafka.service.TwitterToKafkaServiceApplication for test class xyz.gouril.microservices.demo.twitter.to.kafka.service.TwitterToKafkaServiceApplicationTests
2023-03-03 22:10:24 [main] INFO  x.g.m.d.t.t.k.s.TwitterToKafkaServiceApplicationTests - Starting TwitterToKafkaServiceApplicationTests using Java 17.0.6 with PID 60550 (started by admin in /Users/admin/Documents/EventDeriventMicroservices/microservices-demo/twitter-to-kafka-service)
2023-03-03 22:10:24 [main] INFO  x.g.m.d.t.t.k.s.TwitterToKafkaServiceApplicationTests - No active profile set, falling back to 1 default profile: "default"
2023-03-03 22:10:24 [main] WARN  o.s.c.a.AnnotationTypeMapping - Support for convention-based annotation attribute overrides is deprecated and will be removed in Spring Framework 6.1. Please annotate the following attributes in @org.springframework.retry.annotation.EnableRetry with appropriate @AliasFor declarations: [proxyTargetClass]
2023-03-03 22:10:25 [main] INFO  o.a.k.c.admin.AdminClientConfig - AdminClientConfig values: 
	bootstrap.servers = [localhost:19092, localhost:29092, localhost:39092]
	client.dns.lookup = use_all_dns_ips
	client.id = 
	connections.max.idle.ms = 300000
	default.api.timeout.ms = 60000
	metadata.max.age.ms = 300000
	metric.reporters = []
	metrics.num.samples = 2
	metrics.recording.level = INFO
	metrics.sample.window.ms = 30000
	receive.buffer.bytes = 65536
	reconnect.backoff.max.ms = 1000
	reconnect.backoff.ms = 50
	request.timeout.ms = 30000
	retries = 2147483647
	retry.backoff.ms = 100
	sasl.client.callback.handler.class = null
	sasl.jaas.config = null
	sasl.kerberos.kinit.cmd = /usr/bin/kinit
	sasl.kerberos.min.time.before.relogin = 60000
	sasl.kerberos.service.name = null
	sasl.kerberos.ticket.renew.jitter = 0.05
	sasl.kerberos.ticket.renew.window.factor = 0.8
	sasl.login.callback.handler.class = null
	sasl.login.class = null
	sasl.login.connect.timeout.ms = null
	sasl.login.read.timeout.ms = null
	sasl.login.refresh.buffer.seconds = 300
	sasl.login.refresh.min.period.seconds = 60
	sasl.login.refresh.window.factor = 0.8
	sasl.login.refresh.window.jitter = 0.05
	sasl.login.retry.backoff.max.ms = 10000
	sasl.login.retry.backoff.ms = 100
	sasl.mechanism = GSSAPI
	sasl.oauthbearer.clock.skew.seconds = 30
	sasl.oauthbearer.expected.audience = null
	sasl.oauthbearer.expected.issuer = null
	sasl.oauthbearer.jwks.endpoint.refresh.ms = 3600000
	sasl.oauthbearer.jwks.endpoint.retry.backoff.max.ms = 10000
	sasl.oauthbearer.jwks.endpoint.retry.backoff.ms = 100
	sasl.oauthbearer.jwks.endpoint.url = null
	sasl.oauthbearer.scope.claim.name = scope
	sasl.oauthbearer.sub.claim.name = sub
	sasl.oauthbearer.token.endpoint.url = null
	security.protocol = PLAINTEXT
	security.providers = null
	send.buffer.bytes = 131072
	socket.connection.setup.timeout.max.ms = 30000
	socket.connection.setup.timeout.ms = 10000
	ssl.cipher.suites = null
	ssl.enabled.protocols = [TLSv1.2, TLSv1.3]
	ssl.endpoint.identification.algorithm = https
	ssl.engine.factory.class = null
	ssl.key.password = null
	ssl.keymanager.algorithm = SunX509
	ssl.keystore.certificate.chain = null
	ssl.keystore.key = null
	ssl.keystore.location = null
	ssl.keystore.password = null
	ssl.keystore.type = JKS
	ssl.protocol = TLSv1.3
	ssl.provider = null
	ssl.secure.random.implementation = null
	ssl.trustmanager.algorithm = PKIX
	ssl.truststore.certificates = null
	ssl.truststore.location = null
	ssl.truststore.password = null
	ssl.truststore.type = JKS

2023-03-03 22:10:25 [main] INFO  o.a.kafka.common.utils.AppInfoParser - Kafka version: 3.3.2
2023-03-03 22:10:25 [main] INFO  o.a.kafka.common.utils.AppInfoParser - Kafka commitId: b66af662e61082cb
2023-03-03 22:10:25 [main] INFO  o.a.kafka.common.utils.AppInfoParser - Kafka startTimeMs: 1677868825334
2023-03-03 22:10:26 [main] INFO  x.g.m.d.t.t.k.s.TwitterToKafkaServiceApplicationTests - Started TwitterToKafkaServiceApplicationTests in 2.408 seconds (process running for 3.901)
2023-03-03 22:10:26 [main] INFO  x.g.m.d.t.t.k.s.TwitterToKafkaServiceApplication - Application started!
2023-03-03 22:10:26 [main] INFO  x.g.m.d.k.a.client.KafkaAdminClient - Creating 1 topic(s), attempt 0
2023-03-03 22:10:26 [main] INFO  x.g.m.d.k.a.client.KafkaAdminClient - Reading kafka topic [twitter-topic], attempt 0
2023-03-03 22:10:29 [main] INFO  x.g.m.d.t.t.k.s.i.i.KafkaStreamInitializer - Topics with name twitter-topic is ready for operations.
2023-03-03 22:10:29 [main] INFO  x.g.m.d.t.t.k.s.r.i.MockKafkaStreamRunner - Start to mock twitter stream for keywords: [Java, Microservices, Spring, Kafka, Elasticsearch]
2023-03-03 22:10:29 [pool-3-thread-1] INFO  x.g.m.d.t.t.k.s.l.TwitterKafkaStatusListener - Received status text sed lacus sed ante arcu a Java vestibulum euismod euismod euismod sending to kafka topic twitter-topic
2023-03-03 22:10:29 [pool-3-thread-1] INFO  x.g.m.d.k.p.s.i.TwitterKafkaProducer - Sending message = '{"userId": -1, "id": 1482765415116622440, "text": "sed lacus sed ante arcu a Java vestibulum euismod euismod euismod", "createdAt": 1677868829000}' to topic = 'twitter-topic'
2023-03-03 22:10:29 [pool-3-thread-1] INFO  o.a.k.c.producer.ProducerConfig - ProducerConfig values: 
	acks = -1
	batch.size = 1638400
	bootstrap.servers = [localhost:19092, localhost:29092, localhost:39092]
	buffer.memory = 33554432
	client.dns.lookup = use_all_dns_ips
	client.id = producer-1
	compression.type = snappy
	connections.max.idle.ms = 540000
	delivery.timeout.ms = 120000
	enable.idempotence = true
	interceptor.classes = []
	key.serializer = class org.apache.kafka.common.serialization.LongSerializer
	linger.ms = 5
	max.block.ms = 60000
	max.in.flight.requests.per.connection = 5
	max.request.size = 1048576
	metadata.max.age.ms = 300000
	metadata.max.idle.ms = 300000
	metric.reporters = []
	metrics.num.samples = 2
	metrics.recording.level = INFO
	metrics.sample.window.ms = 30000
	partitioner.adaptive.partitioning.enable = true
	partitioner.availability.timeout.ms = 0
	partitioner.class = null
	partitioner.ignore.keys = false
	receive.buffer.bytes = 32768
	reconnect.backoff.max.ms = 1000
	reconnect.backoff.ms = 50
	request.timeout.ms = 60000
	retries = 5
	retry.backoff.ms = 100
	sasl.client.callback.handler.class = null
	sasl.jaas.config = null
	sasl.kerberos.kinit.cmd = /usr/bin/kinit
	sasl.kerberos.min.time.before.relogin = 60000
	sasl.kerberos.service.name = null
	sasl.kerberos.ticket.renew.jitter = 0.05
	sasl.kerberos.ticket.renew.window.factor = 0.8
	sasl.login.callback.handler.class = null
	sasl.login.class = null
	sasl.login.connect.timeout.ms = null
	sasl.login.read.timeout.ms = null
	sasl.login.refresh.buffer.seconds = 300
	sasl.login.refresh.min.period.seconds = 60
	sasl.login.refresh.window.factor = 0.8
	sasl.login.refresh.window.jitter = 0.05
	sasl.login.retry.backoff.max.ms = 10000
	sasl.login.retry.backoff.ms = 100
	sasl.mechanism = GSSAPI
	sasl.oauthbearer.clock.skew.seconds = 30
	sasl.oauthbearer.expected.audience = null
	sasl.oauthbearer.expected.issuer = null
	sasl.oauthbearer.jwks.endpoint.refresh.ms = 3600000
	sasl.oauthbearer.jwks.endpoint.retry.backoff.max.ms = 10000
	sasl.oauthbearer.jwks.endpoint.retry.backoff.ms = 100
	sasl.oauthbearer.jwks.endpoint.url = null
	sasl.oauthbearer.scope.claim.name = scope
	sasl.oauthbearer.sub.claim.name = sub
	sasl.oauthbearer.token.endpoint.url = null
	security.protocol = PLAINTEXT
	security.providers = null
	send.buffer.bytes = 131072
	socket.connection.setup.timeout.max.ms = 30000
	socket.connection.setup.timeout.ms = 10000
	ssl.cipher.suites = null
	ssl.enabled.protocols = [TLSv1.2, TLSv1.3]
	ssl.endpoint.identification.algorithm = https
	ssl.engine.factory.class = null
	ssl.key.password = null
	ssl.keymanager.algorithm = SunX509
	ssl.keystore.certificate.chain = null
	ssl.keystore.key = null
	ssl.keystore.location = null
	ssl.keystore.password = null
	ssl.keystore.type = JKS
	ssl.protocol = TLSv1.3
	ssl.provider = null
	ssl.secure.random.implementation = null
	ssl.trustmanager.algorithm = PKIX
	ssl.truststore.certificates = null
	ssl.truststore.location = null
	ssl.truststore.password = null
	ssl.truststore.type = JKS
	transaction.timeout.ms = 60000
	transactional.id = null
	value.serializer = class io.confluent.kafka.serializers.KafkaAvroSerializer

2023-03-03 22:10:29 [pool-3-thread-1] INFO  o.a.k.clients.producer.KafkaProducer - [Producer clientId=producer-1] Closing the Kafka producer with timeoutMillis = 0 ms.
2023-03-03 22:10:29 [pool-3-thread-1] INFO  o.a.kafka.common.metrics.Metrics - Metrics scheduler closed
2023-03-03 22:10:29 [pool-3-thread-1] INFO  o.a.kafka.common.metrics.Metrics - Closing reporter org.apache.kafka.common.metrics.JmxReporter
2023-03-03 22:10:29 [pool-3-thread-1] INFO  o.a.kafka.common.metrics.Metrics - Metrics reporters closed
2023-03-03 22:10:29 [pool-3-thread-1] INFO  o.a.kafka.common.utils.AppInfoParser - App info kafka.producer for producer-1 unregistered
2023-03-03 22:10:31 [SpringApplicationShutdownHook] INFO  x.g.m.d.k.p.s.i.TwitterKafkaProducer - Closing kafka producer!
2023-03-03 22:10:31 [kafka-admin-client-thread | adminclient-1] INFO  o.a.kafka.common.utils.AppInfoParser - App info kafka.admin.client for adminclient-1 unregistered
2023-03-03 22:10:31 [kafka-admin-client-thread | adminclient-1] INFO  o.a.kafka.common.metrics.Metrics - Metrics scheduler closed
2023-03-03 22:10:31 [kafka-admin-client-thread | adminclient-1] INFO  o.a.kafka.common.metrics.Metrics - Closing reporter org.apache.kafka.common.metrics.JmxReporter
2023-03-03 22:10:31 [kafka-admin-client-thread | adminclient-1] INFO  o.a.kafka.common.metrics.Metrics - Metrics reporters closed
2023-03-03 23:42:13 [main] INFO  o.s.t.c.s.AnnotationConfigContextLoaderUtils - Could not detect default configuration classes for test class [xyz.gouril.microservices.demo.twitter.to.kafka.service.TwitterToKafkaServiceApplicationTests]: TwitterToKafkaServiceApplicationTests does not declare any static, non-private, non-final, nested classes annotated with @Configuration.
2023-03-03 23:42:14 [main] INFO  o.s.b.t.c.SpringBootTestContextBootstrapper - Found @SpringBootConfiguration xyz.gouril.microservices.demo.twitter.to.kafka.service.TwitterToKafkaServiceApplication for test class xyz.gouril.microservices.demo.twitter.to.kafka.service.TwitterToKafkaServiceApplicationTests
2023-03-03 23:42:14 [main] INFO  x.g.m.d.t.t.k.s.TwitterToKafkaServiceApplicationTests - Starting TwitterToKafkaServiceApplicationTests using Java 17.0.6 with PID 16906 (started by admin in /Users/admin/Documents/EventDeriventMicroservices/microservices-demo/twitter-to-kafka-service)
2023-03-03 23:42:14 [main] INFO  x.g.m.d.t.t.k.s.TwitterToKafkaServiceApplicationTests - No active profile set, falling back to 1 default profile: "default"
2023-03-03 23:42:14 [main] WARN  o.s.c.a.AnnotationTypeMapping - Support for convention-based annotation attribute overrides is deprecated and will be removed in Spring Framework 6.1. Please annotate the following attributes in @org.springframework.retry.annotation.EnableRetry with appropriate @AliasFor declarations: [proxyTargetClass]
2023-03-03 23:42:15 [main] INFO  o.a.k.c.admin.AdminClientConfig - AdminClientConfig values: 
	bootstrap.servers = [localhost:19092, localhost:29092, localhost:39092]
	client.dns.lookup = use_all_dns_ips
	client.id = 
	connections.max.idle.ms = 300000
	default.api.timeout.ms = 60000
	metadata.max.age.ms = 300000
	metric.reporters = []
	metrics.num.samples = 2
	metrics.recording.level = INFO
	metrics.sample.window.ms = 30000
	receive.buffer.bytes = 65536
	reconnect.backoff.max.ms = 1000
	reconnect.backoff.ms = 50
	request.timeout.ms = 30000
	retries = 2147483647
	retry.backoff.ms = 100
	sasl.client.callback.handler.class = null
	sasl.jaas.config = null
	sasl.kerberos.kinit.cmd = /usr/bin/kinit
	sasl.kerberos.min.time.before.relogin = 60000
	sasl.kerberos.service.name = null
	sasl.kerberos.ticket.renew.jitter = 0.05
	sasl.kerberos.ticket.renew.window.factor = 0.8
	sasl.login.callback.handler.class = null
	sasl.login.class = null
	sasl.login.connect.timeout.ms = null
	sasl.login.read.timeout.ms = null
	sasl.login.refresh.buffer.seconds = 300
	sasl.login.refresh.min.period.seconds = 60
	sasl.login.refresh.window.factor = 0.8
	sasl.login.refresh.window.jitter = 0.05
	sasl.login.retry.backoff.max.ms = 10000
	sasl.login.retry.backoff.ms = 100
	sasl.mechanism = GSSAPI
	sasl.oauthbearer.clock.skew.seconds = 30
	sasl.oauthbearer.expected.audience = null
	sasl.oauthbearer.expected.issuer = null
	sasl.oauthbearer.jwks.endpoint.refresh.ms = 3600000
	sasl.oauthbearer.jwks.endpoint.retry.backoff.max.ms = 10000
	sasl.oauthbearer.jwks.endpoint.retry.backoff.ms = 100
	sasl.oauthbearer.jwks.endpoint.url = null
	sasl.oauthbearer.scope.claim.name = scope
	sasl.oauthbearer.sub.claim.name = sub
	sasl.oauthbearer.token.endpoint.url = null
	security.protocol = PLAINTEXT
	security.providers = null
	send.buffer.bytes = 131072
	socket.connection.setup.timeout.max.ms = 30000
	socket.connection.setup.timeout.ms = 10000
	ssl.cipher.suites = null
	ssl.enabled.protocols = [TLSv1.2, TLSv1.3]
	ssl.endpoint.identification.algorithm = https
	ssl.engine.factory.class = null
	ssl.key.password = null
	ssl.keymanager.algorithm = SunX509
	ssl.keystore.certificate.chain = null
	ssl.keystore.key = null
	ssl.keystore.location = null
	ssl.keystore.password = null
	ssl.keystore.type = JKS
	ssl.protocol = TLSv1.3
	ssl.provider = null
	ssl.secure.random.implementation = null
	ssl.trustmanager.algorithm = PKIX
	ssl.truststore.certificates = null
	ssl.truststore.location = null
	ssl.truststore.password = null
	ssl.truststore.type = JKS

2023-03-03 23:42:15 [main] INFO  o.a.kafka.common.utils.AppInfoParser - Kafka version: 3.3.2
2023-03-03 23:42:15 [main] INFO  o.a.kafka.common.utils.AppInfoParser - Kafka commitId: b66af662e61082cb
2023-03-03 23:42:15 [main] INFO  o.a.kafka.common.utils.AppInfoParser - Kafka startTimeMs: 1677874335554
2023-03-03 23:42:15 [main] INFO  x.g.m.d.k.p.s.i.TwitterKafkaProducer - <<<<<DEFAULT TOPIC: org.springframework.kafka.core.KafkaTemplate@392781e>>>>>>>
2023-03-03 23:42:16 [main] INFO  x.g.m.d.t.t.k.s.TwitterToKafkaServiceApplicationTests - Started TwitterToKafkaServiceApplicationTests in 2.188 seconds (process running for 3.61)
2023-03-03 23:42:16 [main] INFO  x.g.m.d.t.t.k.s.TwitterToKafkaServiceApplication - Application started!
2023-03-03 23:42:16 [main] INFO  x.g.m.d.k.a.client.KafkaAdminClient - Creating 1 topic(s), attempt 0
2023-03-03 23:42:16 [main] INFO  x.g.m.d.k.a.client.KafkaAdminClient - Reading kafka topic [twitter-topic], attempt 0
2023-03-03 23:42:17 [main] INFO  x.g.m.d.t.t.k.s.i.i.KafkaStreamInitializer - Topics with name twitter-topic is ready for operations.
2023-03-03 23:42:17 [main] INFO  x.g.m.d.t.t.k.s.r.i.MockKafkaStreamRunner - Start to mock twitter stream for keywords: [Java, Microservices, Spring, Kafka, Elasticsearch]
2023-03-03 23:42:17 [pool-3-thread-1] INFO  x.g.m.d.t.t.k.s.l.TwitterKafkaStatusListener - Received status text arcu euismod at tempor Java odio non sending to kafka topic twitter-topic
2023-03-03 23:42:17 [pool-3-thread-1] INFO  x.g.m.d.k.p.s.i.TwitterKafkaProducer - Sending message = '{"userId": 3621479196510815884, "id": 5111752404787196555, "text": "arcu euismod at tempor Java odio non", "createdAt": 1677874337000}' to topic = 'twitter-topic'
2023-03-03 23:42:17 [pool-3-thread-1] INFO  o.a.k.c.producer.ProducerConfig - ProducerConfig values: 
	acks = -1
	batch.size = 1638400
	bootstrap.servers = [localhost:19092, localhost:29092, localhost:39092]
	buffer.memory = 33554432
	client.dns.lookup = use_all_dns_ips
	client.id = producer-1
	compression.type = snappy
	connections.max.idle.ms = 540000
	delivery.timeout.ms = 120000
	enable.idempotence = true
	interceptor.classes = []
	key.serializer = class org.apache.kafka.common.serialization.LongSerializer
	linger.ms = 5
	max.block.ms = 60000
	max.in.flight.requests.per.connection = 5
	max.request.size = 1048576
	metadata.max.age.ms = 300000
	metadata.max.idle.ms = 300000
	metric.reporters = []
	metrics.num.samples = 2
	metrics.recording.level = INFO
	metrics.sample.window.ms = 30000
	partitioner.adaptive.partitioning.enable = true
	partitioner.availability.timeout.ms = 0
	partitioner.class = null
	partitioner.ignore.keys = false
	receive.buffer.bytes = 32768
	reconnect.backoff.max.ms = 1000
	reconnect.backoff.ms = 50
	request.timeout.ms = 60000
	retries = 5
	retry.backoff.ms = 100
	sasl.client.callback.handler.class = null
	sasl.jaas.config = null
	sasl.kerberos.kinit.cmd = /usr/bin/kinit
	sasl.kerberos.min.time.before.relogin = 60000
	sasl.kerberos.service.name = null
	sasl.kerberos.ticket.renew.jitter = 0.05
	sasl.kerberos.ticket.renew.window.factor = 0.8
	sasl.login.callback.handler.class = null
	sasl.login.class = null
	sasl.login.connect.timeout.ms = null
	sasl.login.read.timeout.ms = null
	sasl.login.refresh.buffer.seconds = 300
	sasl.login.refresh.min.period.seconds = 60
	sasl.login.refresh.window.factor = 0.8
	sasl.login.refresh.window.jitter = 0.05
	sasl.login.retry.backoff.max.ms = 10000
	sasl.login.retry.backoff.ms = 100
	sasl.mechanism = GSSAPI
	sasl.oauthbearer.clock.skew.seconds = 30
	sasl.oauthbearer.expected.audience = null
	sasl.oauthbearer.expected.issuer = null
	sasl.oauthbearer.jwks.endpoint.refresh.ms = 3600000
	sasl.oauthbearer.jwks.endpoint.retry.backoff.max.ms = 10000
	sasl.oauthbearer.jwks.endpoint.retry.backoff.ms = 100
	sasl.oauthbearer.jwks.endpoint.url = null
	sasl.oauthbearer.scope.claim.name = scope
	sasl.oauthbearer.sub.claim.name = sub
	sasl.oauthbearer.token.endpoint.url = null
	security.protocol = PLAINTEXT
	security.providers = null
	send.buffer.bytes = 131072
	socket.connection.setup.timeout.max.ms = 30000
	socket.connection.setup.timeout.ms = 10000
	ssl.cipher.suites = null
	ssl.enabled.protocols = [TLSv1.2, TLSv1.3]
	ssl.endpoint.identification.algorithm = https
	ssl.engine.factory.class = null
	ssl.key.password = null
	ssl.keymanager.algorithm = SunX509
	ssl.keystore.certificate.chain = null
	ssl.keystore.key = null
	ssl.keystore.location = null
	ssl.keystore.password = null
	ssl.keystore.type = JKS
	ssl.protocol = TLSv1.3
	ssl.provider = null
	ssl.secure.random.implementation = null
	ssl.trustmanager.algorithm = PKIX
	ssl.truststore.certificates = null
	ssl.truststore.location = null
	ssl.truststore.password = null
	ssl.truststore.type = JKS
	transaction.timeout.ms = 60000
	transactional.id = null
	value.serializer = class io.confluent.kafka.serializers.KafkaAvroSerializer

2023-03-03 23:42:17 [pool-3-thread-1] INFO  o.a.k.clients.producer.KafkaProducer - [Producer clientId=producer-1] Closing the Kafka producer with timeoutMillis = 0 ms.
2023-03-03 23:42:17 [pool-3-thread-1] INFO  o.a.kafka.common.metrics.Metrics - Metrics scheduler closed
2023-03-03 23:42:17 [pool-3-thread-1] INFO  o.a.kafka.common.metrics.Metrics - Closing reporter org.apache.kafka.common.metrics.JmxReporter
2023-03-03 23:42:17 [pool-3-thread-1] INFO  o.a.kafka.common.metrics.Metrics - Metrics reporters closed
2023-03-03 23:42:17 [pool-3-thread-1] INFO  o.a.kafka.common.utils.AppInfoParser - App info kafka.producer for producer-1 unregistered
2023-03-03 23:42:20 [SpringApplicationShutdownHook] INFO  x.g.m.d.k.p.s.i.TwitterKafkaProducer - Closing kafka producer!
2023-03-03 23:42:20 [kafka-admin-client-thread | adminclient-1] INFO  o.a.kafka.common.utils.AppInfoParser - App info kafka.admin.client for adminclient-1 unregistered
2023-03-03 23:42:20 [kafka-admin-client-thread | adminclient-1] INFO  o.a.kafka.common.metrics.Metrics - Metrics scheduler closed
2023-03-03 23:42:20 [kafka-admin-client-thread | adminclient-1] INFO  o.a.kafka.common.metrics.Metrics - Closing reporter org.apache.kafka.common.metrics.JmxReporter
2023-03-03 23:42:20 [kafka-admin-client-thread | adminclient-1] INFO  o.a.kafka.common.metrics.Metrics - Metrics reporters closed
