2023-03-05 01:00:49 [background-preinit] INFO  o.h.validator.internal.util.Version - HV000001: Hibernate Validator 8.0.0.Final
2023-03-05 01:00:49 [main] INFO  x.g.m.d.config.server.ConfigServer - No active profile set, falling back to 1 default profile: "default"
2023-03-05 01:00:50 [main] INFO  o.s.cloud.context.scope.GenericScope - BeanFactory id=c6fca72d-0557-3220-ab26-313671b3cdb2
2023-03-05 01:00:50 [main] INFO  o.s.b.w.e.tomcat.TomcatWebServer - Tomcat initialized with port(s): 8888 (http)
2023-03-05 01:00:50 [main] INFO  o.a.coyote.http11.Http11NioProtocol - Initializing ProtocolHandler ["http-nio-8888"]
2023-03-05 01:00:50 [main] INFO  o.a.catalina.core.StandardService - Starting service [Tomcat]
2023-03-05 01:00:50 [main] INFO  o.a.catalina.core.StandardEngine - Starting Servlet engine: [Apache Tomcat/10.1.5]
2023-03-05 01:00:50 [main] INFO  o.a.c.c.C.[Tomcat].[localhost].[/] - Initializing Spring embedded WebApplicationContext
2023-03-05 01:00:50 [main] INFO  o.s.b.w.s.c.ServletWebServerApplicationContext - Root WebApplicationContext: initialization completed in 1099 ms
2023-03-05 01:00:54 [main] INFO  o.s.c.c.s.e.MultipleJGitEnvironmentRepository - Could not checkout default label main
org.eclipse.jgit.api.errors.RefNotFoundException: Ref main cannot be resolved
	at org.eclipse.jgit.api.CheckoutCommand.call(CheckoutCommand.java:224)
	at org.springframework.cloud.config.server.environment.JGitEnvironmentRepository.checkout(JGitEnvironmentRepository.java:466)
	at org.springframework.cloud.config.server.environment.JGitEnvironmentRepository.checkoutDefaultBranchWithRetry(JGitEnvironmentRepository.java:391)
	at org.springframework.cloud.config.server.environment.JGitEnvironmentRepository.initClonedRepository(JGitEnvironmentRepository.java:378)
	at org.springframework.cloud.config.server.environment.JGitEnvironmentRepository.afterPropertiesSet(JGitEnvironmentRepository.java:282)
	at org.springframework.cloud.config.server.environment.MultipleJGitEnvironmentRepository.afterPropertiesSet(MultipleJGitEnvironmentRepository.java:71)
	at org.springframework.beans.factory.support.AbstractAutowireCapableBeanFactory.invokeInitMethods(AbstractAutowireCapableBeanFactory.java:1798)
	at org.springframework.beans.factory.support.AbstractAutowireCapableBeanFactory.initializeBean(AbstractAutowireCapableBeanFactory.java:1748)
	at org.springframework.beans.factory.support.AbstractAutowireCapableBeanFactory.doCreateBean(AbstractAutowireCapableBeanFactory.java:600)
	at org.springframework.beans.factory.support.AbstractAutowireCapableBeanFactory.createBean(AbstractAutowireCapableBeanFactory.java:522)
	at org.springframework.beans.factory.support.AbstractBeanFactory.lambda$doGetBean$0(AbstractBeanFactory.java:326)
	at org.springframework.beans.factory.support.DefaultSingletonBeanRegistry.getSingleton(DefaultSingletonBeanRegistry.java:234)
	at org.springframework.beans.factory.support.AbstractBeanFactory.doGetBean(AbstractBeanFactory.java:324)
	at org.springframework.beans.factory.support.AbstractBeanFactory.getBean(AbstractBeanFactory.java:200)
	at org.springframework.beans.factory.support.DefaultListableBeanFactory.preInstantiateSingletons(DefaultListableBeanFactory.java:961)
	at org.springframework.context.support.AbstractApplicationContext.finishBeanFactoryInitialization(AbstractApplicationContext.java:917)
	at org.springframework.context.support.AbstractApplicationContext.refresh(AbstractApplicationContext.java:584)
	at org.springframework.boot.web.servlet.context.ServletWebServerApplicationContext.refresh(ServletWebServerApplicationContext.java:146)
	at org.springframework.boot.SpringApplication.refresh(SpringApplication.java:732)
	at org.springframework.boot.SpringApplication.refreshContext(SpringApplication.java:434)
	at org.springframework.boot.SpringApplication.run(SpringApplication.java:310)
	at org.springframework.boot.SpringApplication.run(SpringApplication.java:1304)
	at org.springframework.boot.SpringApplication.run(SpringApplication.java:1293)
	at xyz.gouril.microservices.demo.config.server.ConfigServer.main(ConfigServer.java:12)
2023-03-05 01:00:54 [main] INFO  o.s.c.c.s.e.MultipleJGitEnvironmentRepository - Will try to checkout master label instead.
2023-03-05 01:00:54 [main] INFO  o.a.coyote.http11.Http11NioProtocol - Starting ProtocolHandler ["http-nio-8888"]
2023-03-05 01:00:54 [main] INFO  o.s.b.w.e.tomcat.TomcatWebServer - Tomcat started on port(s): 8888 (http) with context path ''
2023-03-05 01:00:55 [main] INFO  x.g.m.d.config.server.ConfigServer - Started ConfigServer in 6.654 seconds (process running for 7.681)
2023-03-05 01:01:44 [background-preinit] INFO  o.h.validator.internal.util.Version - HV000001: Hibernate Validator 8.0.0.Final
2023-03-05 01:01:44 [main] INFO  x.g.m.d.config.server.ConfigServer - No active profile set, falling back to 1 default profile: "default"
2023-03-05 01:01:45 [main] INFO  o.s.cloud.context.scope.GenericScope - BeanFactory id=c6fca72d-0557-3220-ab26-313671b3cdb2
2023-03-05 01:01:45 [main] INFO  o.s.b.w.e.tomcat.TomcatWebServer - Tomcat initialized with port(s): 8888 (http)
2023-03-05 01:01:45 [main] INFO  o.a.coyote.http11.Http11NioProtocol - Initializing ProtocolHandler ["http-nio-8888"]
2023-03-05 01:01:45 [main] INFO  o.a.catalina.core.StandardService - Starting service [Tomcat]
2023-03-05 01:01:45 [main] INFO  o.a.catalina.core.StandardEngine - Starting Servlet engine: [Apache Tomcat/10.1.5]
2023-03-05 01:01:45 [main] INFO  o.a.c.c.C.[Tomcat].[localhost].[/] - Initializing Spring embedded WebApplicationContext
2023-03-05 01:01:45 [main] INFO  o.s.b.w.s.c.ServletWebServerApplicationContext - Root WebApplicationContext: initialization completed in 1111 ms
2023-03-05 01:01:49 [main] INFO  o.a.coyote.http11.Http11NioProtocol - Starting ProtocolHandler ["http-nio-8888"]
2023-03-05 01:01:49 [main] INFO  o.s.b.w.e.tomcat.TomcatWebServer - Tomcat started on port(s): 8888 (http) with context path ''
2023-03-05 01:01:49 [main] INFO  x.g.m.d.config.server.ConfigServer - Started ConfigServer in 5.929 seconds (process running for 6.7)
2023-03-05 01:03:38 [http-nio-8888-exec-1] INFO  o.a.c.c.C.[Tomcat].[localhost].[/] - Initializing Spring DispatcherServlet 'dispatcherServlet'
2023-03-05 01:03:38 [http-nio-8888-exec-1] INFO  o.s.web.servlet.DispatcherServlet - Initializing Servlet 'dispatcherServlet'
2023-03-05 01:03:38 [http-nio-8888-exec-1] INFO  o.s.web.servlet.DispatcherServlet - Completed initialization in 4 ms
2023-03-05 01:03:40 [http-nio-8888-exec-1] INFO  o.s.c.c.s.e.NativeEnvironmentRepository - Adding property source: Config resource 'file [/var/folders/zx/4g777wp55pg8j62jnpqrd9dh0000gn/T/config-repo-7731465582674883218/config-client-twitter_to_kafka.yml]' via location 'file:/var/folders/zx/4g777wp55pg8j62jnpqrd9dh0000gn/T/config-repo-7731465582674883218/'
2023-03-05 01:03:40 [http-nio-8888-exec-1] INFO  o.s.c.c.s.e.NativeEnvironmentRepository - Adding property source: Config resource 'file [/var/folders/zx/4g777wp55pg8j62jnpqrd9dh0000gn/T/config-repo-7731465582674883218/config-client.yml]' via location 'file:/var/folders/zx/4g777wp55pg8j62jnpqrd9dh0000gn/T/config-repo-7731465582674883218/'
2023-03-05 01:05:00 [http-nio-8888-exec-3] INFO  o.s.c.c.s.e.NativeEnvironmentRepository - Adding property source: Config resource 'file [/var/folders/zx/4g777wp55pg8j62jnpqrd9dh0000gn/T/config-repo-7731465582674883218/config-client-twitter_to_kafka.yml]' via location 'file:/var/folders/zx/4g777wp55pg8j62jnpqrd9dh0000gn/T/config-repo-7731465582674883218/'
2023-03-05 01:05:00 [http-nio-8888-exec-3] INFO  o.s.c.c.s.e.NativeEnvironmentRepository - Adding property source: Config resource 'file [/var/folders/zx/4g777wp55pg8j62jnpqrd9dh0000gn/T/config-repo-7731465582674883218/config-client.yml]' via location 'file:/var/folders/zx/4g777wp55pg8j62jnpqrd9dh0000gn/T/config-repo-7731465582674883218/'
