2023-03-16 00:08:44 [main] WARN  o.s.c.a.AnnotationTypeMapping - Support for convention-based annotation attribute overrides is deprecated and will be removed in Spring Framework 6.1. Please annotate the following attributes in @org.springframework.retry.annotation.EnableRetry with appropriate @AliasFor declarations: [proxyTargetClass]
2023-03-16 00:08:44 [main] INFO  o.s.c.c.c.ConfigServicePropertySourceLocator - Fetching config from server at : http://localhost:8888
2023-03-16 00:08:48 [main] INFO  o.s.c.c.c.ConfigServicePropertySourceLocator - Located environment: name=twitter-to-kafka-service,config-client, profiles=[twitter_to_kafka], label=null, version=bd704136aadf09be8916da63a309ce9b52f4b4ed, state=null
2023-03-16 00:08:48 [main] INFO  o.s.c.b.c.PropertySourceBootstrapConfiguration - Located property source: [BootstrapPropertySource {name='bootstrapProperties-configClient'}, BootstrapPropertySource {name='bootstrapProperties-https://github.com/zvash/spring-cloud-config-server-repository/config-client-twitter_to_kafka.yml'}, BootstrapPropertySource {name='bootstrapProperties-https://github.com/zvash/spring-cloud-config-server-repository/config-client.yml'}]
2023-03-16 00:08:48 [main] INFO  x.g.m.d.t.t.k.s.TwitterToKafkaServiceApplication - The following 1 profile is active: "twitter_to_kafka"
2023-03-16 00:08:49 [main] INFO  o.s.cloud.context.scope.GenericScope - BeanFactory id=6162c3fd-02e8-3b0d-a16c-01b852a3fba1
2023-03-16 00:08:49 [main] INFO  o.a.k.c.admin.AdminClientConfig - AdminClientConfig values: 
	bootstrap.servers = [localhost:19092, localhost:29092, localhost:39092]
	client.dns.lookup = use_all_dns_ips
	client.id = 
	connections.max.idle.ms = 300000
	default.api.timeout.ms = 60000
	metadata.max.age.ms = 300000
	metric.reporters = []
	metrics.num.samples = 2
	metrics.recording.level = INFO
	metrics.sample.window.ms = 30000
	receive.buffer.bytes = 65536
	reconnect.backoff.max.ms = 1000
	reconnect.backoff.ms = 50
	request.timeout.ms = 30000
	retries = 2147483647
	retry.backoff.ms = 100
	sasl.client.callback.handler.class = null
	sasl.jaas.config = null
	sasl.kerberos.kinit.cmd = /usr/bin/kinit
	sasl.kerberos.min.time.before.relogin = 60000
	sasl.kerberos.service.name = null
	sasl.kerberos.ticket.renew.jitter = 0.05
	sasl.kerberos.ticket.renew.window.factor = 0.8
	sasl.login.callback.handler.class = null
	sasl.login.class = null
	sasl.login.connect.timeout.ms = null
	sasl.login.read.timeout.ms = null
	sasl.login.refresh.buffer.seconds = 300
	sasl.login.refresh.min.period.seconds = 60
	sasl.login.refresh.window.factor = 0.8
	sasl.login.refresh.window.jitter = 0.05
	sasl.login.retry.backoff.max.ms = 10000
	sasl.login.retry.backoff.ms = 100
	sasl.mechanism = GSSAPI
	sasl.oauthbearer.clock.skew.seconds = 30
	sasl.oauthbearer.expected.audience = null
	sasl.oauthbearer.expected.issuer = null
	sasl.oauthbearer.jwks.endpoint.refresh.ms = 3600000
	sasl.oauthbearer.jwks.endpoint.retry.backoff.max.ms = 10000
	sasl.oauthbearer.jwks.endpoint.retry.backoff.ms = 100
	sasl.oauthbearer.jwks.endpoint.url = null
	sasl.oauthbearer.scope.claim.name = scope
	sasl.oauthbearer.sub.claim.name = sub
	sasl.oauthbearer.token.endpoint.url = null
	security.protocol = PLAINTEXT
	security.providers = null
	send.buffer.bytes = 131072
	socket.connection.setup.timeout.max.ms = 30000
	socket.connection.setup.timeout.ms = 10000
	ssl.cipher.suites = null
	ssl.enabled.protocols = [TLSv1.2, TLSv1.3]
	ssl.endpoint.identification.algorithm = https
	ssl.engine.factory.class = null
	ssl.key.password = null
	ssl.keymanager.algorithm = SunX509
	ssl.keystore.certificate.chain = null
	ssl.keystore.key = null
	ssl.keystore.location = null
	ssl.keystore.password = null
	ssl.keystore.type = JKS
	ssl.protocol = TLSv1.3
	ssl.provider = null
	ssl.secure.random.implementation = null
	ssl.trustmanager.algorithm = PKIX
	ssl.truststore.certificates = null
	ssl.truststore.location = null
	ssl.truststore.password = null
	ssl.truststore.type = JKS

2023-03-16 00:08:49 [main] INFO  o.a.kafka.common.utils.AppInfoParser - Kafka version: 3.3.2
2023-03-16 00:08:49 [main] INFO  o.a.kafka.common.utils.AppInfoParser - Kafka commitId: b66af662e61082cb
2023-03-16 00:08:49 [main] INFO  o.a.kafka.common.utils.AppInfoParser - Kafka startTimeMs: 1678912729735
2023-03-16 00:08:50 [main] INFO  o.s.b.a.s.r.ReactiveUserDetailsServiceAutoConfiguration - 

Using generated security password: 9143a067-9a01-4392-b5d8-3d0fb04b4e39

2023-03-16 00:08:50 [main] INFO  o.s.b.w.e.netty.NettyWebServer - Netty started on port 8181
2023-03-16 00:08:50 [main] INFO  x.g.m.d.t.t.k.s.TwitterToKafkaServiceApplication - Started TwitterToKafkaServiceApplication in 7.571 seconds (process running for 9.065)
2023-03-16 00:08:50 [main] INFO  x.g.m.d.t.t.k.s.TwitterToKafkaServiceApplication - Application started!
2023-03-16 00:08:50 [main] INFO  x.g.m.d.k.a.client.KafkaAdminClient - Creating 1 topic(s), attempt 0
2023-03-16 00:08:50 [main] INFO  x.g.m.d.k.a.client.KafkaAdminClient - Reading kafka topic [twitter-topic], attempt 0
2023-03-16 00:08:51 [main] INFO  x.g.m.d.t.t.k.s.i.i.KafkaStreamInitializer - Topics with name twitter-topic is ready for operations.
2023-03-16 00:08:51 [main] INFO  x.g.m.d.t.t.k.s.r.i.MockKafkaStreamRunner - Start to mock twitter stream for keywords: [Java, Microservices, Spring, Kafka, Elasticsearch]
2023-03-16 00:08:51 [pool-3-thread-1] INFO  x.g.m.d.t.t.k.s.l.TwitterKafkaStatusListener - Received status text ante tempor lacus quis odio lacinia Microservices tempor arcu at quis sending to kafka topic twitter-topic
2023-03-16 00:08:51 [pool-3-thread-1] INFO  x.g.m.d.k.p.s.i.TwitterKafkaProducer - Sending message = '{"userId": 2754279367443269948, "id": 4933837763598457107, "text": "ante tempor lacus quis odio lacinia Microservices tempor arcu at quis", "createdAt": 1678912731000}' to topic = 'twitter-topic'
2023-03-16 00:08:51 [pool-3-thread-1] INFO  o.a.k.c.producer.ProducerConfig - ProducerConfig values: 
	acks = -1
	batch.size = 1638400
	bootstrap.servers = [localhost:19092, localhost:29092, localhost:39092]
	buffer.memory = 33554432
	client.dns.lookup = use_all_dns_ips
	client.id = producer-1
	compression.type = snappy
	connections.max.idle.ms = 540000
	delivery.timeout.ms = 120000
	enable.idempotence = true
	interceptor.classes = []
	key.serializer = class org.apache.kafka.common.serialization.LongSerializer
	linger.ms = 5
	max.block.ms = 60000
	max.in.flight.requests.per.connection = 5
	max.request.size = 1048576
	metadata.max.age.ms = 300000
	metadata.max.idle.ms = 300000
	metric.reporters = []
	metrics.num.samples = 2
	metrics.recording.level = INFO
	metrics.sample.window.ms = 30000
	partitioner.adaptive.partitioning.enable = true
	partitioner.availability.timeout.ms = 0
	partitioner.class = null
	partitioner.ignore.keys = false
	receive.buffer.bytes = 32768
	reconnect.backoff.max.ms = 1000
	reconnect.backoff.ms = 50
	request.timeout.ms = 60000
	retries = 5
	retry.backoff.ms = 100
	sasl.client.callback.handler.class = null
	sasl.jaas.config = null
	sasl.kerberos.kinit.cmd = /usr/bin/kinit
	sasl.kerberos.min.time.before.relogin = 60000
	sasl.kerberos.service.name = null
	sasl.kerberos.ticket.renew.jitter = 0.05
	sasl.kerberos.ticket.renew.window.factor = 0.8
	sasl.login.callback.handler.class = null
	sasl.login.class = null
	sasl.login.connect.timeout.ms = null
	sasl.login.read.timeout.ms = null
	sasl.login.refresh.buffer.seconds = 300
	sasl.login.refresh.min.period.seconds = 60
	sasl.login.refresh.window.factor = 0.8
	sasl.login.refresh.window.jitter = 0.05
	sasl.login.retry.backoff.max.ms = 10000
	sasl.login.retry.backoff.ms = 100
	sasl.mechanism = GSSAPI
	sasl.oauthbearer.clock.skew.seconds = 30
	sasl.oauthbearer.expected.audience = null
	sasl.oauthbearer.expected.issuer = null
	sasl.oauthbearer.jwks.endpoint.refresh.ms = 3600000
	sasl.oauthbearer.jwks.endpoint.retry.backoff.max.ms = 10000
	sasl.oauthbearer.jwks.endpoint.retry.backoff.ms = 100
	sasl.oauthbearer.jwks.endpoint.url = null
	sasl.oauthbearer.scope.claim.name = scope
	sasl.oauthbearer.sub.claim.name = sub
	sasl.oauthbearer.token.endpoint.url = null
	security.protocol = PLAINTEXT
	security.providers = null
	send.buffer.bytes = 131072
	socket.connection.setup.timeout.max.ms = 30000
	socket.connection.setup.timeout.ms = 10000
	ssl.cipher.suites = null
	ssl.enabled.protocols = [TLSv1.2, TLSv1.3]
	ssl.endpoint.identification.algorithm = https
	ssl.engine.factory.class = null
	ssl.key.password = null
	ssl.keymanager.algorithm = SunX509
	ssl.keystore.certificate.chain = null
	ssl.keystore.key = null
	ssl.keystore.location = null
	ssl.keystore.password = null
	ssl.keystore.type = JKS
	ssl.protocol = TLSv1.3
	ssl.provider = null
	ssl.secure.random.implementation = null
	ssl.trustmanager.algorithm = PKIX
	ssl.truststore.certificates = null
	ssl.truststore.location = null
	ssl.truststore.password = null
	ssl.truststore.type = JKS
	transaction.timeout.ms = 60000
	transactional.id = null
	value.serializer = class io.confluent.kafka.serializers.KafkaAvroSerializer

2023-03-16 00:08:51 [pool-3-thread-1] INFO  i.c.k.s.KafkaAvroSerializerConfig - KafkaAvroSerializerConfig values: 
	auto.register.schemas = true
	avro.reflection.allow.null = false
	avro.remove.java.properties = false
	avro.use.logical.type.converters = false
	basic.auth.credentials.source = URL
	basic.auth.user.info = [hidden]
	bearer.auth.cache.expiry.buffer.seconds = 300
	bearer.auth.client.id = null
	bearer.auth.client.secret = null
	bearer.auth.credentials.source = STATIC_TOKEN
	bearer.auth.identity.pool.id = null
	bearer.auth.issuer.endpoint.url = null
	bearer.auth.logical.cluster = null
	bearer.auth.scope = null
	bearer.auth.scope.claim.name = scope
	bearer.auth.sub.claim.name = sub
	bearer.auth.token = [hidden]
	context.name.strategy = class io.confluent.kafka.serializers.context.NullContextNameStrategy
	id.compatibility.strict = true
	key.subject.name.strategy = class io.confluent.kafka.serializers.subject.TopicNameStrategy
	latest.compatibility.strict = true
	max.schemas.per.subject = 1000
	normalize.schemas = false
	proxy.host = 
	proxy.port = -1
	schema.format = null
	schema.reflection = false
	schema.registry.basic.auth.user.info = [hidden]
	schema.registry.ssl.cipher.suites = null
	schema.registry.ssl.enabled.protocols = [TLSv1.2, TLSv1.3]
	schema.registry.ssl.endpoint.identification.algorithm = https
	schema.registry.ssl.engine.factory.class = null
	schema.registry.ssl.key.password = null
	schema.registry.ssl.keymanager.algorithm = SunX509
	schema.registry.ssl.keystore.certificate.chain = null
	schema.registry.ssl.keystore.key = null
	schema.registry.ssl.keystore.location = null
	schema.registry.ssl.keystore.password = null
	schema.registry.ssl.keystore.type = JKS
	schema.registry.ssl.protocol = TLSv1.3
	schema.registry.ssl.provider = null
	schema.registry.ssl.secure.random.implementation = null
	schema.registry.ssl.trustmanager.algorithm = PKIX
	schema.registry.ssl.truststore.certificates = null
	schema.registry.ssl.truststore.location = null
	schema.registry.ssl.truststore.password = null
	schema.registry.ssl.truststore.type = JKS
	schema.registry.url = [http://localhost:8081]
	use.latest.version = false
	use.schema.id = -1
	value.subject.name.strategy = class io.confluent.kafka.serializers.subject.TopicNameStrategy

2023-03-16 00:08:51 [pool-3-thread-1] INFO  o.a.k.clients.producer.KafkaProducer - [Producer clientId=producer-1] Instantiated an idempotent producer.
2023-03-16 00:08:51 [pool-3-thread-1] INFO  o.a.kafka.common.utils.AppInfoParser - Kafka version: 3.3.2
2023-03-16 00:08:51 [pool-3-thread-1] INFO  o.a.kafka.common.utils.AppInfoParser - Kafka commitId: b66af662e61082cb
2023-03-16 00:08:51 [pool-3-thread-1] INFO  o.a.kafka.common.utils.AppInfoParser - Kafka startTimeMs: 1678912731913
2023-03-16 00:08:51 [kafka-producer-network-thread | producer-1] INFO  org.apache.kafka.clients.Metadata - [Producer clientId=producer-1] Cluster ID: D9fFG0KnQ8-xXd9rWNNGIA
2023-03-16 00:08:52 [kafka-producer-network-thread | producer-1] INFO  o.a.k.c.p.i.TransactionManager - [Producer clientId=producer-1] ProducerId set to 74000 with epoch 0
2023-03-16 00:09:02 [pool-3-thread-1] INFO  x.g.m.d.t.t.k.s.l.TwitterKafkaStatusListener - Received status text odio sed ante feugiat ante Kafka quis dictum sed in sending to kafka topic twitter-topic
2023-03-16 00:09:02 [pool-3-thread-1] INFO  x.g.m.d.k.p.s.i.TwitterKafkaProducer - Sending message = '{"userId": 2289436006308127532, "id": 5187939470332155104, "text": "odio sed ante feugiat ante Kafka quis dictum sed in", "createdAt": 1678912742000}' to topic = 'twitter-topic'
2023-03-16 00:09:12 [pool-3-thread-1] INFO  x.g.m.d.t.t.k.s.l.TwitterKafkaStatusListener - Received status text tempor sed sed quis ullamcorper dictum non Spring ante at tempor non commodo sending to kafka topic twitter-topic
2023-03-16 00:09:12 [pool-3-thread-1] INFO  x.g.m.d.k.p.s.i.TwitterKafkaProducer - Sending message = '{"userId": 87090110975540939, "id": 3561314752337837004, "text": "tempor sed sed quis ullamcorper dictum non Spring ante at tempor non commodo", "createdAt": 1678912752000}' to topic = 'twitter-topic'
2023-03-16 00:09:22 [pool-3-thread-1] INFO  x.g.m.d.t.t.k.s.l.TwitterKafkaStatusListener - Received status text lacus commodo non non arcu dictum Java lacinia in euismod a vestibulum sending to kafka topic twitter-topic
2023-03-16 00:09:22 [pool-3-thread-1] INFO  x.g.m.d.k.p.s.i.TwitterKafkaProducer - Sending message = '{"userId": 6902511498957907276, "id": 5823249982141946525, "text": "lacus commodo non non arcu dictum Java lacinia in euismod a vestibulum", "createdAt": 1678912762000}' to topic = 'twitter-topic'
2023-03-16 00:09:32 [pool-3-thread-1] INFO  x.g.m.d.t.t.k.s.l.TwitterKafkaStatusListener - Received status text arcu sed ante ullamcorper odio metus dictum Elasticsearch commodo euismod odio dictum commodo ante sending to kafka topic twitter-topic
2023-03-16 00:09:32 [pool-3-thread-1] INFO  x.g.m.d.k.p.s.i.TwitterKafkaProducer - Sending message = '{"userId": 5434197154012233547, "id": 3211771435745379461, "text": "arcu sed ante ullamcorper odio metus dictum Elasticsearch commodo euismod odio dictum commodo ante", "createdAt": 1678912772000}' to topic = 'twitter-topic'
2023-03-16 00:09:42 [SpringApplicationShutdownHook] INFO  x.g.m.d.k.p.s.i.TwitterKafkaProducer - Closing kafka producer!
2023-03-16 00:09:42 [SpringApplicationShutdownHook] INFO  o.a.k.clients.producer.KafkaProducer - [Producer clientId=producer-1] Closing the Kafka producer with timeoutMillis = 30000 ms.
2023-03-16 00:09:42 [SpringApplicationShutdownHook] INFO  o.a.kafka.common.metrics.Metrics - Metrics scheduler closed
2023-03-16 00:09:42 [SpringApplicationShutdownHook] INFO  o.a.kafka.common.metrics.Metrics - Closing reporter org.apache.kafka.common.metrics.JmxReporter
2023-03-16 00:09:42 [SpringApplicationShutdownHook] INFO  o.a.kafka.common.metrics.Metrics - Metrics reporters closed
2023-03-16 00:09:42 [SpringApplicationShutdownHook] INFO  o.a.kafka.common.utils.AppInfoParser - App info kafka.producer for producer-1 unregistered
2023-03-16 00:09:42 [pool-3-thread-1] INFO  x.g.m.d.t.t.k.s.l.TwitterKafkaStatusListener - Received status text at feugiat euismod odio vestibulum ante in sed Microservices sed ullamcorper vestibulum dictum at non a sending to kafka topic twitter-topic
2023-03-16 00:09:42 [pool-3-thread-1] INFO  x.g.m.d.k.p.s.i.TwitterKafkaProducer - Sending message = '{"userId": 5170583238061211630, "id": 6470708667967284617, "text": "at feugiat euismod odio vestibulum ante in sed Microservices sed ullamcorper vestibulum dictum at non a", "createdAt": 1678912782000}' to topic = 'twitter-topic'
2023-03-16 00:09:42 [kafka-admin-client-thread | adminclient-1] INFO  o.a.kafka.common.utils.AppInfoParser - App info kafka.admin.client for adminclient-1 unregistered
2023-03-16 00:09:42 [pool-3-thread-1] INFO  o.a.k.c.producer.ProducerConfig - ProducerConfig values: 
	acks = -1
	batch.size = 1638400
	bootstrap.servers = [localhost:19092, localhost:29092, localhost:39092]
	buffer.memory = 33554432
	client.dns.lookup = use_all_dns_ips
	client.id = producer-2
	compression.type = snappy
	connections.max.idle.ms = 540000
	delivery.timeout.ms = 120000
	enable.idempotence = true
	interceptor.classes = []
	key.serializer = class org.apache.kafka.common.serialization.LongSerializer
	linger.ms = 5
	max.block.ms = 60000
	max.in.flight.requests.per.connection = 5
	max.request.size = 1048576
	metadata.max.age.ms = 300000
	metadata.max.idle.ms = 300000
	metric.reporters = []
	metrics.num.samples = 2
	metrics.recording.level = INFO
	metrics.sample.window.ms = 30000
	partitioner.adaptive.partitioning.enable = true
	partitioner.availability.timeout.ms = 0
	partitioner.class = null
	partitioner.ignore.keys = false
	receive.buffer.bytes = 32768
	reconnect.backoff.max.ms = 1000
	reconnect.backoff.ms = 50
	request.timeout.ms = 60000
	retries = 5
	retry.backoff.ms = 100
	sasl.client.callback.handler.class = null
	sasl.jaas.config = null
	sasl.kerberos.kinit.cmd = /usr/bin/kinit
	sasl.kerberos.min.time.before.relogin = 60000
	sasl.kerberos.service.name = null
	sasl.kerberos.ticket.renew.jitter = 0.05
	sasl.kerberos.ticket.renew.window.factor = 0.8
	sasl.login.callback.handler.class = null
	sasl.login.class = null
	sasl.login.connect.timeout.ms = null
	sasl.login.read.timeout.ms = null
	sasl.login.refresh.buffer.seconds = 300
	sasl.login.refresh.min.period.seconds = 60
	sasl.login.refresh.window.factor = 0.8
	sasl.login.refresh.window.jitter = 0.05
	sasl.login.retry.backoff.max.ms = 10000
	sasl.login.retry.backoff.ms = 100
	sasl.mechanism = GSSAPI
	sasl.oauthbearer.clock.skew.seconds = 30
	sasl.oauthbearer.expected.audience = null
	sasl.oauthbearer.expected.issuer = null
	sasl.oauthbearer.jwks.endpoint.refresh.ms = 3600000
	sasl.oauthbearer.jwks.endpoint.retry.backoff.max.ms = 10000
	sasl.oauthbearer.jwks.endpoint.retry.backoff.ms = 100
	sasl.oauthbearer.jwks.endpoint.url = null
	sasl.oauthbearer.scope.claim.name = scope
	sasl.oauthbearer.sub.claim.name = sub
	sasl.oauthbearer.token.endpoint.url = null
	security.protocol = PLAINTEXT
	security.providers = null
	send.buffer.bytes = 131072
	socket.connection.setup.timeout.max.ms = 30000
	socket.connection.setup.timeout.ms = 10000
	ssl.cipher.suites = null
	ssl.enabled.protocols = [TLSv1.2, TLSv1.3]
	ssl.endpoint.identification.algorithm = https
	ssl.engine.factory.class = null
	ssl.key.password = null
	ssl.keymanager.algorithm = SunX509
	ssl.keystore.certificate.chain = null
	ssl.keystore.key = null
	ssl.keystore.location = null
	ssl.keystore.password = null
	ssl.keystore.type = JKS
	ssl.protocol = TLSv1.3
	ssl.provider = null
	ssl.secure.random.implementation = null
	ssl.trustmanager.algorithm = PKIX
	ssl.truststore.certificates = null
	ssl.truststore.location = null
	ssl.truststore.password = null
	ssl.truststore.type = JKS
	transaction.timeout.ms = 60000
	transactional.id = null
	value.serializer = class io.confluent.kafka.serializers.KafkaAvroSerializer

2023-03-16 00:09:42 [kafka-admin-client-thread | adminclient-1] INFO  o.a.kafka.common.metrics.Metrics - Metrics scheduler closed
2023-03-16 00:09:42 [kafka-admin-client-thread | adminclient-1] INFO  o.a.kafka.common.metrics.Metrics - Closing reporter org.apache.kafka.common.metrics.JmxReporter
2023-03-16 00:09:42 [pool-3-thread-1] INFO  i.c.k.s.KafkaAvroSerializerConfig - KafkaAvroSerializerConfig values: 
	auto.register.schemas = true
	avro.reflection.allow.null = false
	avro.remove.java.properties = false
	avro.use.logical.type.converters = false
	basic.auth.credentials.source = URL
	basic.auth.user.info = [hidden]
	bearer.auth.cache.expiry.buffer.seconds = 300
	bearer.auth.client.id = null
	bearer.auth.client.secret = null
	bearer.auth.credentials.source = STATIC_TOKEN
	bearer.auth.identity.pool.id = null
	bearer.auth.issuer.endpoint.url = null
	bearer.auth.logical.cluster = null
	bearer.auth.scope = null
	bearer.auth.scope.claim.name = scope
	bearer.auth.sub.claim.name = sub
	bearer.auth.token = [hidden]
	context.name.strategy = class io.confluent.kafka.serializers.context.NullContextNameStrategy
	id.compatibility.strict = true
	key.subject.name.strategy = class io.confluent.kafka.serializers.subject.TopicNameStrategy
	latest.compatibility.strict = true
	max.schemas.per.subject = 1000
	normalize.schemas = false
	proxy.host = 
	proxy.port = -1
	schema.format = null
	schema.reflection = false
	schema.registry.basic.auth.user.info = [hidden]
	schema.registry.ssl.cipher.suites = null
	schema.registry.ssl.enabled.protocols = [TLSv1.2, TLSv1.3]
	schema.registry.ssl.endpoint.identification.algorithm = https
	schema.registry.ssl.engine.factory.class = null
	schema.registry.ssl.key.password = null
	schema.registry.ssl.keymanager.algorithm = SunX509
	schema.registry.ssl.keystore.certificate.chain = null
	schema.registry.ssl.keystore.key = null
	schema.registry.ssl.keystore.location = null
	schema.registry.ssl.keystore.password = null
	schema.registry.ssl.keystore.type = JKS
	schema.registry.ssl.protocol = TLSv1.3
	schema.registry.ssl.provider = null
	schema.registry.ssl.secure.random.implementation = null
	schema.registry.ssl.trustmanager.algorithm = PKIX
	schema.registry.ssl.truststore.certificates = null
	schema.registry.ssl.truststore.location = null
	schema.registry.ssl.truststore.password = null
	schema.registry.ssl.truststore.type = JKS
	schema.registry.url = [http://localhost:8081]
	use.latest.version = false
	use.schema.id = -1
	value.subject.name.strategy = class io.confluent.kafka.serializers.subject.TopicNameStrategy

2023-03-16 00:09:42 [kafka-admin-client-thread | adminclient-1] INFO  o.a.kafka.common.metrics.Metrics - Metrics reporters closed
2023-03-16 00:09:42 [pool-3-thread-1] INFO  o.a.k.clients.producer.KafkaProducer - [Producer clientId=producer-2] Instantiated an idempotent producer.
2023-03-16 00:09:42 [pool-3-thread-1] INFO  o.a.kafka.common.utils.AppInfoParser - Kafka version: 3.3.2
2023-03-16 00:09:42 [pool-3-thread-1] INFO  o.a.kafka.common.utils.AppInfoParser - Kafka commitId: b66af662e61082cb
2023-03-16 00:09:42 [pool-3-thread-1] INFO  o.a.kafka.common.utils.AppInfoParser - Kafka startTimeMs: 1678912782819
2023-03-16 00:09:42 [kafka-producer-network-thread | producer-2] INFO  org.apache.kafka.clients.Metadata - [Producer clientId=producer-2] Cluster ID: D9fFG0KnQ8-xXd9rWNNGIA
2023-03-16 00:09:42 [kafka-producer-network-thread | producer-2] INFO  o.a.k.c.p.i.TransactionManager - [Producer clientId=producer-2] ProducerId set to 74001 with epoch 0
2023-03-16 00:16:21 [main] WARN  o.s.c.a.AnnotationTypeMapping - Support for convention-based annotation attribute overrides is deprecated and will be removed in Spring Framework 6.1. Please annotate the following attributes in @org.springframework.retry.annotation.EnableRetry with appropriate @AliasFor declarations: [proxyTargetClass]
2023-03-16 00:16:21 [main] INFO  o.s.c.c.c.ConfigServicePropertySourceLocator - Fetching config from server at : http://localhost:8888
2023-03-16 00:16:24 [main] INFO  o.s.c.c.c.ConfigServicePropertySourceLocator - Located environment: name=twitter-to-kafka-service,config-client, profiles=[twitter_to_kafka], label=null, version=bd704136aadf09be8916da63a309ce9b52f4b4ed, state=null
2023-03-16 00:16:24 [main] INFO  o.s.c.b.c.PropertySourceBootstrapConfiguration - Located property source: [BootstrapPropertySource {name='bootstrapProperties-configClient'}, BootstrapPropertySource {name='bootstrapProperties-https://github.com/zvash/spring-cloud-config-server-repository/config-client-twitter_to_kafka.yml'}, BootstrapPropertySource {name='bootstrapProperties-https://github.com/zvash/spring-cloud-config-server-repository/config-client.yml'}]
2023-03-16 00:16:24 [main] INFO  x.g.m.d.t.t.k.s.TwitterToKafkaServiceApplication - The following 1 profile is active: "twitter_to_kafka"
2023-03-16 00:16:25 [main] INFO  o.s.cloud.context.scope.GenericScope - BeanFactory id=6162c3fd-02e8-3b0d-a16c-01b852a3fba1
2023-03-16 00:16:25 [main] INFO  o.a.k.c.admin.AdminClientConfig - AdminClientConfig values: 
	bootstrap.servers = [localhost:19092, localhost:29092, localhost:39092]
	client.dns.lookup = use_all_dns_ips
	client.id = 
	connections.max.idle.ms = 300000
	default.api.timeout.ms = 60000
	metadata.max.age.ms = 300000
	metric.reporters = []
	metrics.num.samples = 2
	metrics.recording.level = INFO
	metrics.sample.window.ms = 30000
	receive.buffer.bytes = 65536
	reconnect.backoff.max.ms = 1000
	reconnect.backoff.ms = 50
	request.timeout.ms = 30000
	retries = 2147483647
	retry.backoff.ms = 100
	sasl.client.callback.handler.class = null
	sasl.jaas.config = null
	sasl.kerberos.kinit.cmd = /usr/bin/kinit
	sasl.kerberos.min.time.before.relogin = 60000
	sasl.kerberos.service.name = null
	sasl.kerberos.ticket.renew.jitter = 0.05
	sasl.kerberos.ticket.renew.window.factor = 0.8
	sasl.login.callback.handler.class = null
	sasl.login.class = null
	sasl.login.connect.timeout.ms = null
	sasl.login.read.timeout.ms = null
	sasl.login.refresh.buffer.seconds = 300
	sasl.login.refresh.min.period.seconds = 60
	sasl.login.refresh.window.factor = 0.8
	sasl.login.refresh.window.jitter = 0.05
	sasl.login.retry.backoff.max.ms = 10000
	sasl.login.retry.backoff.ms = 100
	sasl.mechanism = GSSAPI
	sasl.oauthbearer.clock.skew.seconds = 30
	sasl.oauthbearer.expected.audience = null
	sasl.oauthbearer.expected.issuer = null
	sasl.oauthbearer.jwks.endpoint.refresh.ms = 3600000
	sasl.oauthbearer.jwks.endpoint.retry.backoff.max.ms = 10000
	sasl.oauthbearer.jwks.endpoint.retry.backoff.ms = 100
	sasl.oauthbearer.jwks.endpoint.url = null
	sasl.oauthbearer.scope.claim.name = scope
	sasl.oauthbearer.sub.claim.name = sub
	sasl.oauthbearer.token.endpoint.url = null
	security.protocol = PLAINTEXT
	security.providers = null
	send.buffer.bytes = 131072
	socket.connection.setup.timeout.max.ms = 30000
	socket.connection.setup.timeout.ms = 10000
	ssl.cipher.suites = null
	ssl.enabled.protocols = [TLSv1.2, TLSv1.3]
	ssl.endpoint.identification.algorithm = https
	ssl.engine.factory.class = null
	ssl.key.password = null
	ssl.keymanager.algorithm = SunX509
	ssl.keystore.certificate.chain = null
	ssl.keystore.key = null
	ssl.keystore.location = null
	ssl.keystore.password = null
	ssl.keystore.type = JKS
	ssl.protocol = TLSv1.3
	ssl.provider = null
	ssl.secure.random.implementation = null
	ssl.trustmanager.algorithm = PKIX
	ssl.truststore.certificates = null
	ssl.truststore.location = null
	ssl.truststore.password = null
	ssl.truststore.type = JKS

2023-03-16 00:16:25 [main] INFO  o.a.kafka.common.utils.AppInfoParser - Kafka version: 3.3.2
2023-03-16 00:16:25 [main] INFO  o.a.kafka.common.utils.AppInfoParser - Kafka commitId: b66af662e61082cb
2023-03-16 00:16:25 [main] INFO  o.a.kafka.common.utils.AppInfoParser - Kafka startTimeMs: 1678913185470
2023-03-16 00:16:25 [main] INFO  o.s.b.a.s.r.ReactiveUserDetailsServiceAutoConfiguration - 

Using generated security password: fe79f98c-26a2-4759-a68b-55e11f7f0fef

2023-03-16 00:16:26 [main] INFO  o.s.b.w.e.netty.NettyWebServer - Netty started on port 8181
2023-03-16 00:16:26 [main] INFO  x.g.m.d.t.t.k.s.TwitterToKafkaServiceApplication - Started TwitterToKafkaServiceApplication in 5.694 seconds (process running for 6.847)
2023-03-16 00:16:26 [main] INFO  x.g.m.d.t.t.k.s.TwitterToKafkaServiceApplication - Application started!
2023-03-16 00:16:26 [main] INFO  x.g.m.d.k.a.client.KafkaAdminClient - Creating 1 topic(s), attempt 0
2023-03-16 00:16:26 [main] INFO  x.g.m.d.k.a.client.KafkaAdminClient - Reading kafka topic [twitter-topic], attempt 0
2023-03-16 00:16:26 [main] INFO  x.g.m.d.t.t.k.s.i.i.KafkaStreamInitializer - Topics with name twitter-topic is ready for operations.
2023-03-16 00:16:26 [main] INFO  x.g.m.d.t.t.k.s.r.i.MockKafkaStreamRunner - Start to mock twitter stream for keywords: [Java, Microservices, Spring, Kafka, Elasticsearch]
2023-03-16 00:16:26 [pool-3-thread-1] INFO  x.g.m.d.t.t.k.s.l.TwitterKafkaStatusListener - Received status text quis metus arcu odio at commodo at in Spring lacinia feugiat odio non ullamcorper at sending to kafka topic twitter-topic
2023-03-16 00:16:26 [pool-3-thread-1] INFO  x.g.m.d.k.p.s.i.TwitterKafkaProducer - Sending message = '{"userId": 6715406553904454327, "id": 2974276111606848749, "text": "quis metus arcu odio at commodo at in Spring lacinia feugiat odio non ullamcorper at", "createdAt": 1678913186000}' to topic = 'twitter-topic'
2023-03-16 00:16:26 [pool-3-thread-1] INFO  o.a.k.c.producer.ProducerConfig - ProducerConfig values: 
	acks = -1
	batch.size = 1638400
	bootstrap.servers = [localhost:19092, localhost:29092, localhost:39092]
	buffer.memory = 33554432
	client.dns.lookup = use_all_dns_ips
	client.id = producer-1
	compression.type = snappy
	connections.max.idle.ms = 540000
	delivery.timeout.ms = 120000
	enable.idempotence = true
	interceptor.classes = []
	key.serializer = class org.apache.kafka.common.serialization.LongSerializer
	linger.ms = 5
	max.block.ms = 60000
	max.in.flight.requests.per.connection = 5
	max.request.size = 1048576
	metadata.max.age.ms = 300000
	metadata.max.idle.ms = 300000
	metric.reporters = []
	metrics.num.samples = 2
	metrics.recording.level = INFO
	metrics.sample.window.ms = 30000
	partitioner.adaptive.partitioning.enable = true
	partitioner.availability.timeout.ms = 0
	partitioner.class = null
	partitioner.ignore.keys = false
	receive.buffer.bytes = 32768
	reconnect.backoff.max.ms = 1000
	reconnect.backoff.ms = 50
	request.timeout.ms = 60000
	retries = 5
	retry.backoff.ms = 100
	sasl.client.callback.handler.class = null
	sasl.jaas.config = null
	sasl.kerberos.kinit.cmd = /usr/bin/kinit
	sasl.kerberos.min.time.before.relogin = 60000
	sasl.kerberos.service.name = null
	sasl.kerberos.ticket.renew.jitter = 0.05
	sasl.kerberos.ticket.renew.window.factor = 0.8
	sasl.login.callback.handler.class = null
	sasl.login.class = null
	sasl.login.connect.timeout.ms = null
	sasl.login.read.timeout.ms = null
	sasl.login.refresh.buffer.seconds = 300
	sasl.login.refresh.min.period.seconds = 60
	sasl.login.refresh.window.factor = 0.8
	sasl.login.refresh.window.jitter = 0.05
	sasl.login.retry.backoff.max.ms = 10000
	sasl.login.retry.backoff.ms = 100
	sasl.mechanism = GSSAPI
	sasl.oauthbearer.clock.skew.seconds = 30
	sasl.oauthbearer.expected.audience = null
	sasl.oauthbearer.expected.issuer = null
	sasl.oauthbearer.jwks.endpoint.refresh.ms = 3600000
	sasl.oauthbearer.jwks.endpoint.retry.backoff.max.ms = 10000
	sasl.oauthbearer.jwks.endpoint.retry.backoff.ms = 100
	sasl.oauthbearer.jwks.endpoint.url = null
	sasl.oauthbearer.scope.claim.name = scope
	sasl.oauthbearer.sub.claim.name = sub
	sasl.oauthbearer.token.endpoint.url = null
	security.protocol = PLAINTEXT
	security.providers = null
	send.buffer.bytes = 131072
	socket.connection.setup.timeout.max.ms = 30000
	socket.connection.setup.timeout.ms = 10000
	ssl.cipher.suites = null
	ssl.enabled.protocols = [TLSv1.2, TLSv1.3]
	ssl.endpoint.identification.algorithm = https
	ssl.engine.factory.class = null
	ssl.key.password = null
	ssl.keymanager.algorithm = SunX509
	ssl.keystore.certificate.chain = null
	ssl.keystore.key = null
	ssl.keystore.location = null
	ssl.keystore.password = null
	ssl.keystore.type = JKS
	ssl.protocol = TLSv1.3
	ssl.provider = null
	ssl.secure.random.implementation = null
	ssl.trustmanager.algorithm = PKIX
	ssl.truststore.certificates = null
	ssl.truststore.location = null
	ssl.truststore.password = null
	ssl.truststore.type = JKS
	transaction.timeout.ms = 60000
	transactional.id = null
	value.serializer = class io.confluent.kafka.serializers.KafkaAvroSerializer

2023-03-16 00:16:26 [pool-3-thread-1] INFO  i.c.k.s.KafkaAvroSerializerConfig - KafkaAvroSerializerConfig values: 
	auto.register.schemas = true
	avro.reflection.allow.null = false
	avro.remove.java.properties = false
	avro.use.logical.type.converters = false
	basic.auth.credentials.source = URL
	basic.auth.user.info = [hidden]
	bearer.auth.cache.expiry.buffer.seconds = 300
	bearer.auth.client.id = null
	bearer.auth.client.secret = null
	bearer.auth.credentials.source = STATIC_TOKEN
	bearer.auth.identity.pool.id = null
	bearer.auth.issuer.endpoint.url = null
	bearer.auth.logical.cluster = null
	bearer.auth.scope = null
	bearer.auth.scope.claim.name = scope
	bearer.auth.sub.claim.name = sub
	bearer.auth.token = [hidden]
	context.name.strategy = class io.confluent.kafka.serializers.context.NullContextNameStrategy
	id.compatibility.strict = true
	key.subject.name.strategy = class io.confluent.kafka.serializers.subject.TopicNameStrategy
	latest.compatibility.strict = true
	max.schemas.per.subject = 1000
	normalize.schemas = false
	proxy.host = 
	proxy.port = -1
	schema.format = null
	schema.reflection = false
	schema.registry.basic.auth.user.info = [hidden]
	schema.registry.ssl.cipher.suites = null
	schema.registry.ssl.enabled.protocols = [TLSv1.2, TLSv1.3]
	schema.registry.ssl.endpoint.identification.algorithm = https
	schema.registry.ssl.engine.factory.class = null
	schema.registry.ssl.key.password = null
	schema.registry.ssl.keymanager.algorithm = SunX509
	schema.registry.ssl.keystore.certificate.chain = null
	schema.registry.ssl.keystore.key = null
	schema.registry.ssl.keystore.location = null
	schema.registry.ssl.keystore.password = null
	schema.registry.ssl.keystore.type = JKS
	schema.registry.ssl.protocol = TLSv1.3
	schema.registry.ssl.provider = null
	schema.registry.ssl.secure.random.implementation = null
	schema.registry.ssl.trustmanager.algorithm = PKIX
	schema.registry.ssl.truststore.certificates = null
	schema.registry.ssl.truststore.location = null
	schema.registry.ssl.truststore.password = null
	schema.registry.ssl.truststore.type = JKS
	schema.registry.url = [http://localhost:8081]
	use.latest.version = false
	use.schema.id = -1
	value.subject.name.strategy = class io.confluent.kafka.serializers.subject.TopicNameStrategy

2023-03-16 00:16:27 [pool-3-thread-1] INFO  o.a.k.clients.producer.KafkaProducer - [Producer clientId=producer-1] Instantiated an idempotent producer.
2023-03-16 00:16:27 [pool-3-thread-1] INFO  o.a.kafka.common.utils.AppInfoParser - Kafka version: 3.3.2
2023-03-16 00:16:27 [pool-3-thread-1] INFO  o.a.kafka.common.utils.AppInfoParser - Kafka commitId: b66af662e61082cb
2023-03-16 00:16:27 [pool-3-thread-1] INFO  o.a.kafka.common.utils.AppInfoParser - Kafka startTimeMs: 1678913187043
2023-03-16 00:16:27 [kafka-producer-network-thread | producer-1] INFO  o.a.k.c.p.i.TransactionManager - [Producer clientId=producer-1] ProducerId set to 74002 with epoch 0
2023-03-16 00:16:27 [kafka-producer-network-thread | producer-1] INFO  org.apache.kafka.clients.Metadata - [Producer clientId=producer-1] Cluster ID: D9fFG0KnQ8-xXd9rWNNGIA
2023-03-16 00:16:37 [pool-3-thread-1] INFO  x.g.m.d.t.t.k.s.l.TwitterKafkaStatusListener - Received status text tempor sed vestibulum sed at commodo Elasticsearch tempor lacus a commodo sending to kafka topic twitter-topic
2023-03-16 00:16:37 [pool-3-thread-1] INFO  x.g.m.d.k.p.s.i.TwitterKafkaProducer - Sending message = '{"userId": 4194172879105061341, "id": 5880993407650387826, "text": "tempor sed vestibulum sed at commodo Elasticsearch tempor lacus a commodo", "createdAt": 1678913197000}' to topic = 'twitter-topic'
2023-03-16 00:16:47 [pool-3-thread-1] INFO  x.g.m.d.t.t.k.s.l.TwitterKafkaStatusListener - Received status text commodo tempor quis a lacinia vestibulum Kafka feugiat at tempor arcu odio sending to kafka topic twitter-topic
2023-03-16 00:16:47 [pool-3-thread-1] INFO  x.g.m.d.k.p.s.i.TwitterKafkaProducer - Sending message = '{"userId": 156172006965804446, "id": 4865832654569451948, "text": "commodo tempor quis a lacinia vestibulum Kafka feugiat at tempor arcu odio", "createdAt": 1678913207000}' to topic = 'twitter-topic'
2023-03-16 00:16:57 [pool-3-thread-1] INFO  x.g.m.d.t.t.k.s.l.TwitterKafkaStatusListener - Received status text in at non tempor Spring lacus vestibulum sending to kafka topic twitter-topic
2023-03-16 00:16:57 [pool-3-thread-1] INFO  x.g.m.d.k.p.s.i.TwitterKafkaProducer - Sending message = '{"userId": 4339418642719638845, "id": 3901611762976693845, "text": "in at non tempor Spring lacus vestibulum", "createdAt": 1678913217000}' to topic = 'twitter-topic'
2023-03-16 00:17:07 [pool-3-thread-1] INFO  x.g.m.d.t.t.k.s.l.TwitterKafkaStatusListener - Received status text a commodo ullamcorper feugiat tempor metus Elasticsearch in metus metus quis at sending to kafka topic twitter-topic
2023-03-16 00:17:07 [pool-3-thread-1] INFO  x.g.m.d.k.p.s.i.TwitterKafkaProducer - Sending message = '{"userId": 8424862940085087286, "id": 3169490550221673507, "text": "a commodo ullamcorper feugiat tempor metus Elasticsearch in metus metus quis at", "createdAt": 1678913227000}' to topic = 'twitter-topic'
2023-03-16 00:17:17 [pool-3-thread-1] INFO  x.g.m.d.t.t.k.s.l.TwitterKafkaStatusListener - Received status text lacinia ullamcorper metus at odio dictum quis dictum Kafka a arcu a arcu commodo non tempor sending to kafka topic twitter-topic
2023-03-16 00:17:17 [pool-3-thread-1] INFO  x.g.m.d.k.p.s.i.TwitterKafkaProducer - Sending message = '{"userId": 7919346237861722101, "id": 2216979768961976621, "text": "lacinia ullamcorper metus at odio dictum quis dictum Kafka a arcu a arcu commodo non tempor", "createdAt": 1678913237000}' to topic = 'twitter-topic'
2023-03-16 00:17:27 [pool-3-thread-1] INFO  x.g.m.d.t.t.k.s.l.TwitterKafkaStatusListener - Received status text quis quis vestibulum sed ante at Spring arcu euismod quis vestibulum sending to kafka topic twitter-topic
2023-03-16 00:17:27 [pool-3-thread-1] INFO  x.g.m.d.k.p.s.i.TwitterKafkaProducer - Sending message = '{"userId": 3913947389752394460, "id": 7371075990348393383, "text": "quis quis vestibulum sed ante at Spring arcu euismod quis vestibulum", "createdAt": 1678913247000}' to topic = 'twitter-topic'
2023-03-16 00:17:37 [pool-3-thread-1] INFO  x.g.m.d.t.t.k.s.l.TwitterKafkaStatusListener - Received status text tempor vestibulum arcu Microservices vestibulum arcu sending to kafka topic twitter-topic
2023-03-16 00:17:37 [pool-3-thread-1] INFO  x.g.m.d.k.p.s.i.TwitterKafkaProducer - Sending message = '{"userId": 182367840014368716, "id": 2925435840254199722, "text": "tempor vestibulum arcu Microservices vestibulum arcu", "createdAt": 1678913257000}' to topic = 'twitter-topic'
2023-03-16 00:17:47 [pool-3-thread-1] INFO  x.g.m.d.t.t.k.s.l.TwitterKafkaStatusListener - Received status text quis tempor metus lacus ante lacinia Elasticsearch non metus lacinia ullamcorper sending to kafka topic twitter-topic
2023-03-16 00:17:47 [pool-3-thread-1] INFO  x.g.m.d.k.p.s.i.TwitterKafkaProducer - Sending message = '{"userId": 7203648750408624355, "id": 8574499908512027361, "text": "quis tempor metus lacus ante lacinia Elasticsearch non metus lacinia ullamcorper", "createdAt": 1678913267000}' to topic = 'twitter-topic'
2023-03-16 00:17:57 [pool-3-thread-1] INFO  x.g.m.d.t.t.k.s.l.TwitterKafkaStatusListener - Received status text lacinia at feugiat tempor sed sed sed odio Kafka ullamcorper vestibulum a dictum feugiat metus sending to kafka topic twitter-topic
2023-03-16 00:17:57 [pool-3-thread-1] INFO  x.g.m.d.k.p.s.i.TwitterKafkaProducer - Sending message = '{"userId": 7082925036330229640, "id": 7015547422094161684, "text": "lacinia at feugiat tempor sed sed sed odio Kafka ullamcorper vestibulum a dictum feugiat metus", "createdAt": 1678913277000}' to topic = 'twitter-topic'
2023-03-16 00:18:02 [SpringApplicationShutdownHook] INFO  x.g.m.d.k.p.s.i.TwitterKafkaProducer - Closing kafka producer!
2023-03-16 00:18:02 [SpringApplicationShutdownHook] INFO  o.a.k.clients.producer.KafkaProducer - [Producer clientId=producer-1] Closing the Kafka producer with timeoutMillis = 30000 ms.
2023-03-16 00:18:02 [SpringApplicationShutdownHook] INFO  o.a.kafka.common.metrics.Metrics - Metrics scheduler closed
2023-03-16 00:18:02 [SpringApplicationShutdownHook] INFO  o.a.kafka.common.metrics.Metrics - Closing reporter org.apache.kafka.common.metrics.JmxReporter
2023-03-16 00:18:02 [SpringApplicationShutdownHook] INFO  o.a.kafka.common.metrics.Metrics - Metrics reporters closed
2023-03-16 00:18:02 [SpringApplicationShutdownHook] INFO  o.a.kafka.common.utils.AppInfoParser - App info kafka.producer for producer-1 unregistered
2023-03-16 00:18:02 [kafka-admin-client-thread | adminclient-1] INFO  o.a.kafka.common.utils.AppInfoParser - App info kafka.admin.client for adminclient-1 unregistered
2023-03-16 00:18:02 [kafka-admin-client-thread | adminclient-1] INFO  o.a.kafka.common.metrics.Metrics - Metrics scheduler closed
2023-03-16 00:18:02 [kafka-admin-client-thread | adminclient-1] INFO  o.a.kafka.common.metrics.Metrics - Closing reporter org.apache.kafka.common.metrics.JmxReporter
2023-03-16 00:18:02 [kafka-admin-client-thread | adminclient-1] INFO  o.a.kafka.common.metrics.Metrics - Metrics reporters closed
